# JRE version: Java(TM) SE Runtime Environment (8.0_101-b13) (build 1.8.0_101-b13)
# Java VM: Java HotSpot(TM) 64-Bit Server VM (25.101-b13 mixed mode windows-amd64 compressed oops)
Heap:
 PSYoungGen      total 213504K, used 63332K [0x00000000d5980000, 0x00000000e8800000, 0x0000000100000000)
  eden space 197120K, 24% used [0x00000000d5980000,0x00000000d8837d58,0x00000000e1a00000)
  from space 16384K, 94% used [0x00000000e1a00000,0x00000000e29216a0,0x00000000e2a00000)
  to   space 18432K, 0% used [0x00000000e7600000,0x00000000e7600000,0x00000000e8800000)
 ParOldGen       total 109056K, used 22981K [0x0000000080c00000, 0x0000000087680000, 0x00000000d5980000)
  object space 109056K, 21% used [0x0000000080c00000,0x00000000822714e0,0x0000000087680000)
 Metaspace       used 47325K, capacity 47764K, committed 48256K, reserved 1091584K
  class space    used 6136K, capacity 6241K, committed 6272K, reserved 1048576K
GC Heap History (10 events):
Event: 4.647 GC heap before
{Heap before GC invocations=5 (full 1):
 PSYoungGen      total 138240K, used 5092K [0x00000000d5980000, 0x00000000de580000, 0x0000000100000000)
  eden space 133120K, 0% used [0x00000000d5980000,0x00000000d5980000,0x00000000ddb80000)
  from space 5120K, 99% used [0x00000000de080000,0x00000000de579088,0x00000000de580000)
  to   space 5120K, 0% used [0x00000000ddb80000,0x00000000ddb80000,0x00000000de080000)
 ParOldGen       total 87552K, used 7692K [0x0000000080c00000, 0x0000000086180000, 0x00000000d5980000)
  object space 87552K, 8% used [0x0000000080c00000,0x0000000081383048,0x0000000086180000)
 Metaspace       used 20810K, capacity 21100K, committed 21296K, reserved 1069056K
  class space    used 2537K, capacity 2617K, committed 2688K, reserved 1048576K
Event: 4.715 GC heap after
Heap after GC invocations=5 (full 1):
 PSYoungGen      total 138240K, used 0K [0x00000000d5980000, 0x00000000de580000, 0x0000000100000000)
  eden space 133120K, 0% used [0x00000000d5980000,0x00000000d5980000,0x00000000ddb80000)
  from space 5120K, 0% used [0x00000000de080000,0x00000000de080000,0x00000000de580000)
  to   space 5120K, 0% used [0x00000000ddb80000,0x00000000ddb80000,0x00000000de080000)
 ParOldGen       total 61952K, used 8056K [0x0000000080c00000, 0x0000000084880000, 0x00000000d5980000)
  object space 61952K, 13% used [0x0000000080c00000,0x00000000813de1b0,0x0000000084880000)
 Metaspace       used 20810K, capacity 21100K, committed 21296K, reserved 1069056K
  class space    used 2537K, capacity 2617K, committed 2688K, reserved 1048576K
}
Event: 7.158 GC heap before
{Heap before GC invocations=6 (full 1):
 PSYoungGen      total 138240K, used 133120K [0x00000000d5980000, 0x00000000de580000, 0x0000000100000000)
  eden space 133120K, 100% used [0x00000000d5980000,0x00000000ddb80000,0x00000000ddb80000)
  from space 5120K, 0% used [0x00000000de080000,0x00000000de080000,0x00000000de580000)
  to   space 5120K, 0% used [0x00000000ddb80000,0x00000000ddb80000,0x00000000de080000)
 ParOldGen       total 61952K, used 8056K [0x0000000080c00000, 0x0000000084880000, 0x00000000d5980000)
  object space 61952K, 13% used [0x0000000080c00000,0x00000000813de1b0,0x0000000084880000)
 Metaspace       used 27716K, capacity 28102K, committed 28416K, reserved 1075200K
  class space    used 3425K, capacity 3528K, committed 3584K, reserved 1048576K
Event: 7.178 GC heap after
Heap after GC invocations=6 (full 1):
 PSYoungGen      total 138240K, used 5108K [0x00000000d5980000, 0x00000000e3700000, 0x0000000100000000)
  eden space 133120K, 0% used [0x00000000d5980000,0x00000000d5980000,0x00000000ddb80000)
  from space 5120K, 99% used [0x00000000ddb80000,0x00000000de07d2f0,0x00000000de080000)
  to   space 13312K, 0% used [0x00000000e2a00000,0x00000000e2a00000,0x00000000e3700000)
 ParOldGen       total 61952K, used 15411K [0x0000000080c00000, 0x0000000084880000, 0x00000000d5980000)
  object space 61952K, 24% used [0x0000000080c00000,0x0000000081b0ccb8,0x0000000084880000)
 Metaspace       used 27716K, capacity 28102K, committed 28416K, reserved 1075200K
  class space    used 3425K, capacity 3528K, committed 3584K, reserved 1048576K
}
Event: 8.781 GC heap before
{Heap before GC invocations=7 (full 1):
 PSYoungGen      total 138240K, used 115342K [0x00000000d5980000, 0x00000000e3700000, 0x0000000100000000)
  eden space 133120K, 82% used [0x00000000d5980000,0x00000000dc526790,0x00000000ddb80000)
  from space 5120K, 99% used [0x00000000ddb80000,0x00000000de07d2f0,0x00000000de080000)
  to   space 13312K, 0% used [0x00000000e2a00000,0x00000000e2a00000,0x00000000e3700000)
 ParOldGen       total 61952K, used 15411K [0x0000000080c00000, 0x0000000084880000, 0x00000000d5980000)
  object space 61952K, 24% used [0x0000000080c00000,0x0000000081b0ccb8,0x0000000084880000)
 Metaspace       used 34827K, capacity 35222K, committed 35496K, reserved 1081344K
  class space    used 4411K, capacity 4528K, committed 4608K, reserved 1048576K
Event: 8.802 GC heap after
Heap after GC invocations=7 (full 1):
 PSYoungGen      total 210432K, used 13306K [0x00000000d5980000, 0x00000000e3c00000, 0x0000000100000000)
  eden space 197120K, 0% used [0x00000000d5980000,0x00000000d5980000,0x00000000e1a00000)
  from space 13312K, 99% used [0x00000000e2a00000,0x00000000e36fe9e8,0x00000000e3700000)
  to   space 16384K, 0% used [0x00000000e1a00000,0x00000000e1a00000,0x00000000e2a00000)
 ParOldGen       total 61952K, used 16274K [0x0000000080c00000, 0x0000000084880000, 0x00000000d5980000)
  object space 61952K, 26% used [0x0000000080c00000,0x0000000081be4878,0x0000000084880000)
 Metaspace       used 34827K, capacity 35222K, committed 35496K, reserved 1081344K
  class space    used 4411K, capacity 4528K, committed 4608K, reserved 1048576K
}
Event: 8.802 GC heap before
{Heap before GC invocations=8 (full 2):
 PSYoungGen      total 210432K, used 13306K [0x00000000d5980000, 0x00000000e3c00000, 0x0000000100000000)
  eden space 197120K, 0% used [0x00000000d5980000,0x00000000d5980000,0x00000000e1a00000)
  from space 13312K, 99% used [0x00000000e2a00000,0x00000000e36fe9e8,0x00000000e3700000)
  to   space 16384K, 0% used [0x00000000e1a00000,0x00000000e1a00000,0x00000000e2a00000)
 ParOldGen       total 61952K, used 16274K [0x0000000080c00000, 0x0000000084880000, 0x00000000d5980000)
  object space 61952K, 26% used [0x0000000080c00000,0x0000000081be4878,0x0000000084880000)
 Metaspace       used 34827K, capacity 35222K, committed 35496K, reserved 1081344K
  class space    used 4411K, capacity 4528K, committed 4608K, reserved 1048576K
Event: 8.909 GC heap after
Heap after GC invocations=8 (full 2):
 PSYoungGen      total 210432K, used 0K [0x00000000d5980000, 0x00000000e3c00000, 0x0000000100000000)
  eden space 197120K, 0% used [0x00000000d5980000,0x00000000d5980000,0x00000000e1a00000)
  from space 13312K, 0% used [0x00000000e2a00000,0x00000000e2a00000,0x00000000e3700000)
  to   space 16384K, 0% used [0x00000000e1a00000,0x00000000e1a00000,0x00000000e2a00000)
 ParOldGen       total 109056K, used 22973K [0x0000000080c00000, 0x0000000087680000, 0x00000000d5980000)
  object space 109056K, 21% used [0x0000000080c00000,0x000000008226f4e0,0x0000000087680000)
 Metaspace       used 34827K, capacity 35222K, committed 35496K, reserved 1081344K
  class space    used 4411K, capacity 4528K, committed 4608K, reserved 1048576K
}
Event: 11.884 GC heap before
{Heap before GC invocations=9 (full 2):
 PSYoungGen      total 210432K, used 197120K [0x00000000d5980000, 0x00000000e3c00000, 0x0000000100000000)
  eden space 197120K, 100% used [0x00000000d5980000,0x00000000e1a00000,0x00000000e1a00000)
  from space 13312K, 0% used [0x00000000e2a00000,0x00000000e2a00000,0x00000000e3700000)
  to   space 16384K, 0% used [0x00000000e1a00000,0x00000000e1a00000,0x00000000e2a00000)
 ParOldGen       total 109056K, used 22973K [0x0000000080c00000, 0x0000000087680000, 0x00000000d5980000)
  object space 109056K, 21% used [0x0000000080c00000,0x000000008226f4e0,0x0000000087680000)
 Metaspace       used 44430K, capacity 44876K, committed 45312K, reserved 1089536K
  class space    used 5779K, capacity 5881K, committed 5888K, reserved 1048576K
Event: 11.907 GC heap after
Heap after GC invocations=9 (full 2):
 PSYoungGen      total 213504K, used 15493K [0x00000000d5980000, 0x00000000e8800000, 0x0000000100000000)
  eden space 197120K, 0% used [0x00000000d5980000,0x00000000d5980000,0x00000000e1a00000)
  from space 16384K, 94% used [0x00000000e1a00000,0x00000000e29216a0,0x00000000e2a00000)
  to   space 18432K, 0% used [0x00000000e7600000,0x00000000e7600000,0x00000000e8800000)
 ParOldGen       total 109056K, used 22981K [0x0000000080c00000, 0x0000000087680000, 0x00000000d5980000)
  object space 109056K, 21% used [0x0000000080c00000,0x00000000822714e0,0x0000000087680000)
 Metaspace       used 44430K, capacity 44876K, committed 45312K, reserved 1089536K
  class space    used 5779K, capacity 5881K, committed 5888K, reserved 1048576K
}

